Arguments: 
  /usr/bin/node /usr/share/yarn/bin/yarn.js

PATH: 
  /usr/local/sbin:/usr/local/bin:/usr/sbin:/usr/bin:/sbin:/bin

Yarn version: 
  1.10.1

Node version: 
  8.12.0

Platform: 
  linux x64

Trace: 
  SyntaxError: /var/www/gamers/package.json: Unexpected token } in JSON at position 226
      at JSON.parse (<anonymous>)
      at /usr/share/yarn/lib/cli.js:1136:59
      at Generator.next (<anonymous>)
      at step (/usr/share/yarn/lib/cli.js:98:30)
      at /usr/share/yarn/lib/cli.js:109:13
      at <anonymous>

npm manifest: 
  {
      "private": true,
      "scripts": {
          "dev": "npm run development",
          "watch": "npm run development -- --watch",
          "watch-poll": "npm run watch -- --watch-poll",
          "prod": "npm run production",
      },
      "dependencies": {
          "axios": "^0.18",
          "bootstrap": "^4.0.0",
          "bootstrap-sass": "^3.3.7",
          "bootstrap-vue": "^2.0.0-rc.11",
          "laravel-mix": "^2.0",
          "lodash": "^4.17.5",
          "vue": "^2.5.17",
          "vue-router": "^3.0.1"
      }
  }

yarn manifest: 
  No manifest

Lockfile: 
  No lockfile
